<?xml version="1.0" encoding="UTF-8"?>
<robot generator="Robot 6.1.1 (Python 3.10.12 on linux)" generated="20231127 19:56:45.755" rpa="false" schemaversion="4">
<suite id="s1" name="Tests" source="/run/user/1349114/rclone/onedrive-uh/Omat_opiskelut/OhTu/Miniprokkis/miniprokkis/src/tests">
<suite id="s1-s1" name="Print Reference" source="/run/user/1349114/rclone/onedrive-uh/Omat_opiskelut/OhTu/Miniprokkis/miniprokkis/src/tests/print_reference.robot">
<test id="s1-s1-t1" name="List References" line="5">
<kw name="Input" library="AppLibrary">
<arg>2</arg>
<status status="PASS" starttime="20231127 19:56:46.057" endtime="20231127 19:56:46.058"/>
</kw>
<kw name="Input" library="AppLibrary">
<arg>0</arg>
<status status="PASS" starttime="20231127 19:56:46.058" endtime="20231127 19:56:46.059"/>
</kw>
<kw name="Run Application" library="AppLibrary">
<msg timestamp="20231127 19:56:46.059" level="INFO">Komennot: 
0 - Sulje sovellus
1 - Lisää lähde
2 - Tulosta viitelista (-a aakkosjärjestyksessä)
3 - Poista lähde
4 - Tulosta bibtex -lähdelista

Viitelista - yhteensä 4 viite(ttä):

Viite 1 on tyypiltään 'book'.
Sen yksilöity avain on 'John2020'.
         author: Johnson
          title: Johnsonisms
      publisher: J.Johnson
           year: 2020

Viite 2 on tyypiltään 'booklet'.
Sen yksilöity avain on 'JDoe1980'.
          title: Jane Doe
         author: Jane Doe
   howpublished: 1980
           year: 1980

Viite 3 on tyypiltään 'book'.
Sen yksilöity avain on 'Alba2302'.
         author: Alba
          title: On
      publisher: Joku
           year: 2320

Viite 4 on tyypiltään 'inproceedings'.
Sen yksilöity avain on 'jaahas'.
         author: Jaska
          title: Jaskan Elämää
      booktitle: Tärkeä Kirja 100 000
           year: 3845</msg>
<status status="PASS" starttime="20231127 19:56:46.059" endtime="20231127 19:56:46.059"/>
</kw>
<kw name="Output Should Contain" library="AppLibrary">
<arg>Viitelista</arg>
<status status="PASS" starttime="20231127 19:56:46.059" endtime="20231127 19:56:46.060"/>
</kw>
<status status="PASS" starttime="20231127 19:56:46.056" endtime="20231127 19:56:46.060"/>
</test>
<test id="s1-s1-t2" name="List References In Bibtext" line="11">
<kw name="Input" library="AppLibrary">
<arg>4</arg>
<status status="PASS" starttime="20231127 19:56:46.060" endtime="20231127 19:56:46.062"/>
</kw>
<kw name="Input" library="AppLibrary">
<arg>0</arg>
<status status="PASS" starttime="20231127 19:56:46.062" endtime="20231127 19:56:46.062"/>
</kw>
<kw name="Run Application" library="AppLibrary">
<msg timestamp="20231127 19:56:46.062" level="INFO">Komennot: 
0 - Sulje sovellus
1 - Lisää lähde
2 - Tulosta viitelista (-a aakkosjärjestyksessä)
3 - Poista lähde
4 - Tulosta bibtex -lähdelista


Viitelista bibtex muodossa:

@book{John2020},
  author = {Johnson},
  title = {Johnsonisms},
  publisher = {J.Johnson},
  year = {2020}
}

@booklet{JDoe1980},
  title = {Jane Doe},
  author = {Jane Doe},
  howpublished = {1980},
  year = {1980}
}

@book{Alba2302},
  author = {Alba},
  title = {On},
  publisher = {Joku},
  year = {2320}
}

@inproceedings{jaahas},
  author = {Jaska},
  title = {Jaskan Elämää},
  booktitle = {Tärkeä Kirja 100 000},
  year = {3845}
}</msg>
<status status="PASS" starttime="20231127 19:56:46.062" endtime="20231127 19:56:46.062"/>
</kw>
<kw name="Output Should Contain" library="AppLibrary">
<arg>bibtex</arg>
<status status="PASS" starttime="20231127 19:56:46.062" endtime="20231127 19:56:46.062"/>
</kw>
<status status="PASS" starttime="20231127 19:56:46.060" endtime="20231127 19:56:46.062"/>
</test>
<test id="s1-s1-t3" name="Remove Reference That Does Not Exist" line="17">
<kw name="Input" library="AppLibrary">
<arg>3</arg>
<status status="PASS" starttime="20231127 19:56:46.063" endtime="20231127 19:56:46.064"/>
</kw>
<kw name="Input" library="AppLibrary">
<arg>olematonavain</arg>
<status status="PASS" starttime="20231127 19:56:46.064" endtime="20231127 19:56:46.064"/>
</kw>
<kw name="Input" library="AppLibrary">
<arg>${EMPTY}</arg>
<status status="PASS" starttime="20231127 19:56:46.064" endtime="20231127 19:56:46.065"/>
</kw>
<kw name="Input" library="AppLibrary">
<arg>0</arg>
<status status="PASS" starttime="20231127 19:56:46.065" endtime="20231127 19:56:46.065"/>
</kw>
<kw name="Run Application" library="AppLibrary">
<msg timestamp="20231127 19:56:46.065" level="INFO">Komennot: 
0 - Sulje sovellus
1 - Lisää lähde
2 - Tulosta viitelista (-a aakkosjärjestyksessä)
3 - Poista lähde
4 - Tulosta bibtex -lähdelista


Lähdettä ei voitu poistaa. Tarkista avain.

Toiminto peruttu</msg>
<status status="PASS" starttime="20231127 19:56:46.065" endtime="20231127 19:56:46.065"/>
</kw>
<kw name="Output Should Contain" library="AppLibrary">
<arg>Tarkista</arg>
<status status="PASS" starttime="20231127 19:56:46.065" endtime="20231127 19:56:46.065"/>
</kw>
<status status="PASS" starttime="20231127 19:56:46.063" endtime="20231127 19:56:46.065"/>
</test>
<status status="PASS" starttime="20231127 19:56:45.766" endtime="20231127 19:56:46.065"/>
</suite>
<status status="PASS" starttime="20231127 19:56:45.756" endtime="20231127 19:56:46.066"/>
</suite>
<statistics>
<total>
<stat pass="3" fail="0" skip="0">All Tests</stat>
</total>
<tag>
</tag>
<suite>
<stat pass="3" fail="0" skip="0" id="s1" name="Tests">Tests</stat>
<stat pass="3" fail="0" skip="0" id="s1-s1" name="Print Reference">Tests.Print Reference</stat>
</suite>
</statistics>
<errors>
</errors>
</robot>
